This file contains any messages produced by compilers while
running configure, to aid debugging if configure makes a mistake.

It was created by control_modules configure 1.0, which was
generated by GNU Autoconf 2.72.  Invocation command line was

  $ ./configure CFLAGS=-g

## --------- ##
## Platform. ##
## --------- ##

hostname = r07p03.cisco.kb.sm.cri.epita.fr
uname -m = x86_64
uname -r = 6.6.47
uname -s = Linux
uname -v = #1-NixOS SMP PREEMPT_DYNAMIC Mon Aug 19 04:04:32 UTC 2024

/usr/bin/uname -p = unknown
/bin/uname -X     = unknown

/bin/arch              = unknown
/usr/bin/arch -k       = unknown
/usr/convex/getsysinfo = unknown
/usr/bin/hostinfo      = unknown
/bin/machine           = unknown
/usr/bin/oslevel       = unknown
/bin/universe          = unknown

PATH: /run/wrappers/bin/
PATH: /home/abel.chartier/.nix-profile/bin/
PATH: /nix/profile/bin/
PATH: /home/abel.chartier/.local/state/nix/profile/bin/
PATH: /etc/profiles/per-user/abel.chartier/bin/
PATH: /nix/var/nix/profiles/default/bin/
PATH: /run/current-system/sw/bin/
PATH: /home/abel.chartier/.zsh/plugins/zsh-autosuggestions/
PATH: /home/abel.chartier/.zsh/plugins/zsh-syntax-highlighting/


## ----------- ##
## Core tests. ##
## ----------- ##

configure:2168: looking for aux files: compile ar-lib missing install-sh
configure:2181:  trying ./
configure:2210:   ./compile found
configure:2210:   ./ar-lib found
configure:2210:   ./missing found
configure:2192:   ./install-sh found
configure:2342: checking for a BSD-compatible install
configure:2416: result: /run/current-system/sw/bin/install -c
configure:2427: checking whether build environment is sane
configure:2482: result: yes
configure:2643: checking for a race-free mkdir -p
configure:2686: result: /run/current-system/sw/bin/mkdir -p
configure:2693: checking for gawk
configure:2714: found /run/current-system/sw/bin/gawk
configure:2726: result: gawk
configure:2737: checking whether make sets $(MAKE)
configure:2761: result: yes
configure:2791: checking whether make supports nested variables
configure:2810: result: yes
configure:2960: checking whether make supports nested variables
configure:2979: result: yes
configure:3005: checking whether make supports the include directive
configure:3020: make -f confmf.GNU && cat confinc.out
this is the am__doit target
configure:3023: $? = 0
configure:3042: result: yes (GNU style)
configure:3119: checking for gcc
configure:3140: found /run/current-system/sw/bin/gcc
configure:3152: result: gcc
configure:3511: checking for C compiler version
configure:3520: gcc --version >&5
gcc (GCC) 13.2.0
Copyright (C) 2023 Free Software Foundation, Inc.
This is free software; see the source for copying conditions.  There is NO
warranty; not even for MERCHANTABILITY or FITNESS FOR A PARTICULAR PURPOSE.

configure:3531: $? = 0
configure:3520: gcc -v >&5
Using built-in specs.
COLLECT_GCC=/nix/store/skkw2fidr9h2ikq8gzgfm6rysj1mal0r-gcc-13.2.0/bin/gcc
COLLECT_LTO_WRAPPER=/nix/store/skkw2fidr9h2ikq8gzgfm6rysj1mal0r-gcc-13.2.0/libexec/gcc/x86_64-unknown-linux-gnu/13.2.0/lto-wrapper
Target: x86_64-unknown-linux-gnu
Configured with: ../gcc-13.2.0/configure --prefix=/nix/store/eeeeeeeeeeeeeeeeeeeeeeeeeeeeeeee-gcc-13.2.0 --with-gmp-include=/nix/store/eeeeeeeeeeeeeeeeeeeeeeeeeeeeeeee-gmp-6.3.0-dev/include --with-gmp-lib=/nix/store/eeeeeeeeeeeeeeeeeeeeeeeeeeeeeeee-gmp-6.3.0/lib --with-mpfr-include=/nix/store/eeeeeeeeeeeeeeeeeeeeeeeeeeeeeeee-mpfr-4.2.1-dev/include --with-mpfr-lib=/nix/store/eeeeeeeeeeeeeeeeeeeeeeeeeeeeeeee-mpfr-4.2.1/lib --with-mpc=/nix/store/eeeeeeeeeeeeeeeeeeeeeeeeeeeeeeee-libmpc-1.3.1 --with-native-system-header-dir=/nix/store/eeeeeeeeeeeeeeeeeeeeeeeeeeeeeeee-glibc-2.39-52-dev/include --with-build-sysroot=/ --with-gxx-include-dir=/nix/store/eeeeeeeeeeeeeeeeeeeeeeeeeeeeeeee-gcc-13.2.0/include/c++/13.2.0/ --program-prefix= --enable-lto --disable-libstdcxx-pch --without-included-gettext --with-system-zlib --enable-static --enable-languages=c,c++ --disable-multilib --enable-plugin --disable-libcc1 --with-isl=/nix/store/eeeeeeeeeeeeeeeeeeeeeeeeeeeeeeee-isl-0.20 --disable-bootstrap --build=x86_64-unknown-linux-gnu --host=x86_64-unknown-linux-gnu --target=x86_64-unknown-linux-gnu
Thread model: posix
Supported LTO compression algorithms: zlib
gcc version 13.2.0 (GCC) 
configure:3531: $? = 0
configure:3520: gcc -V >&5
gcc: error: unrecognized command-line option '-V'
gcc: fatal error: no input files
compilation terminated.
configure:3531: $? = 1
configure:3520: gcc -qversion >&5
gcc: error: unrecognized command-line option '-qversion'; did you mean '--version'?
gcc: fatal error: no input files
compilation terminated.
configure:3531: $? = 1
configure:3520: gcc -version >&5
gcc: error: unrecognized command-line option '-version'
gcc: fatal error: no input files
compilation terminated.
configure:3531: $? = 1
configure:3551: checking whether the C compiler works
configure:3573: gcc -g   conftest.c  >&5
configure:3577: $? = 0
configure:3628: result: yes
configure:3632: checking for C compiler default output file name
configure:3634: result: a.out
configure:3640: checking for suffix of executables
configure:3647: gcc -o conftest -g   conftest.c  >&5
configure:3651: $? = 0
configure:3675: result: 
configure:3699: checking whether we are cross compiling
configure:3707: gcc -o conftest -g   conftest.c  >&5
configure:3711: $? = 0
configure:3718: ./conftest
configure:3722: $? = 0
configure:3737: result: no
configure:3743: checking for suffix of object files
configure:3766: gcc -c -g  conftest.c >&5
configure:3770: $? = 0
configure:3794: result: o
configure:3798: checking whether the compiler supports GNU C
configure:3818: gcc -c -g  conftest.c >&5
configure:3818: $? = 0
configure:3830: result: yes
configure:3841: checking whether gcc accepts -g
configure:3862: gcc -c -g  conftest.c >&5
configure:3862: $? = 0
configure:3909: result: yes
configure:3929: checking for gcc option to enable C11 features
configure:3944: gcc  -c -g  conftest.c >&5
configure:3944: $? = 0
configure:3963: result: none needed
configure:4087: checking whether gcc understands -c and -o together
configure:4110: gcc -c conftest.c -o conftest2.o
configure:4113: $? = 0
configure:4110: gcc -c conftest.c -o conftest2.o
configure:4113: $? = 0
configure:4126: result: yes
configure:4145: checking dependency style of gcc
configure:4258: result: gcc3
configure:4330: checking for ar
configure:4351: found /run/current-system/sw/bin/ar
configure:4363: result: ar
configure:4389: checking the archiver (ar) interface
configure:4406: gcc -c -g  conftest.c >&5
configure:4406: $? = 0
configure:4409: ar cru libconftest.a conftest.o >&5
ar: `u' modifier ignored since `D' is the default (see `U')
configure:4412: $? = 0
configure:4441: result: ar
configure:4512: checking for ranlib
configure:4533: found /run/current-system/sw/bin/ranlib
configure:4545: result: ranlib
configure:4623: checking for gcc
configure:4656: result: gcc
configure:5015: checking for C compiler version
configure:5024: gcc --version >&5
gcc (GCC) 13.2.0
Copyright (C) 2023 Free Software Foundation, Inc.
This is free software; see the source for copying conditions.  There is NO
warranty; not even for MERCHANTABILITY or FITNESS FOR A PARTICULAR PURPOSE.

configure:5035: $? = 0
configure:5024: gcc -v >&5
Using built-in specs.
COLLECT_GCC=/nix/store/skkw2fidr9h2ikq8gzgfm6rysj1mal0r-gcc-13.2.0/bin/gcc
COLLECT_LTO_WRAPPER=/nix/store/skkw2fidr9h2ikq8gzgfm6rysj1mal0r-gcc-13.2.0/libexec/gcc/x86_64-unknown-linux-gnu/13.2.0/lto-wrapper
Target: x86_64-unknown-linux-gnu
Configured with: ../gcc-13.2.0/configure --prefix=/nix/store/eeeeeeeeeeeeeeeeeeeeeeeeeeeeeeee-gcc-13.2.0 --with-gmp-include=/nix/store/eeeeeeeeeeeeeeeeeeeeeeeeeeeeeeee-gmp-6.3.0-dev/include --with-gmp-lib=/nix/store/eeeeeeeeeeeeeeeeeeeeeeeeeeeeeeee-gmp-6.3.0/lib --with-mpfr-include=/nix/store/eeeeeeeeeeeeeeeeeeeeeeeeeeeeeeee-mpfr-4.2.1-dev/include --with-mpfr-lib=/nix/store/eeeeeeeeeeeeeeeeeeeeeeeeeeeeeeee-mpfr-4.2.1/lib --with-mpc=/nix/store/eeeeeeeeeeeeeeeeeeeeeeeeeeeeeeee-libmpc-1.3.1 --with-native-system-header-dir=/nix/store/eeeeeeeeeeeeeeeeeeeeeeeeeeeeeeee-glibc-2.39-52-dev/include --with-build-sysroot=/ --with-gxx-include-dir=/nix/store/eeeeeeeeeeeeeeeeeeeeeeeeeeeeeeee-gcc-13.2.0/include/c++/13.2.0/ --program-prefix= --enable-lto --disable-libstdcxx-pch --without-included-gettext --with-system-zlib --enable-static --enable-languages=c,c++ --disable-multilib --enable-plugin --disable-libcc1 --with-isl=/nix/store/eeeeeeeeeeeeeeeeeeeeeeeeeeeeeeee-isl-0.20 --disable-bootstrap --build=x86_64-unknown-linux-gnu --host=x86_64-unknown-linux-gnu --target=x86_64-unknown-linux-gnu
Thread model: posix
Supported LTO compression algorithms: zlib
gcc version 13.2.0 (GCC) 
configure:5035: $? = 0
configure:5024: gcc -V >&5
gcc: error: unrecognized command-line option '-V'
gcc: fatal error: no input files
compilation terminated.
configure:5035: $? = 1
configure:5024: gcc -qversion >&5
gcc: error: unrecognized command-line option '-qversion'; did you mean '--version'?
gcc: fatal error: no input files
compilation terminated.
configure:5035: $? = 1
configure:5024: gcc -version >&5
gcc: error: unrecognized command-line option '-version'
gcc: fatal error: no input files
compilation terminated.
configure:5035: $? = 1
configure:5039: checking whether the compiler supports GNU C
configure:5071: result: yes
configure:5082: checking whether gcc accepts -g
configure:5150: result: yes
configure:5170: checking for gcc option to enable C11 features
configure:5204: result: none needed
configure:5328: checking whether gcc understands -c and -o together
configure:5367: result: yes
configure:5386: checking dependency style of gcc
configure:5499: result: gcc3
configure:5516: checking for a sed that does not truncate output
configure:5588: result: /run/current-system/sw/bin/sed
configure:5677: gcc -c -g  conftest.c >&5
conftest.c:13:9: error: #error "no C++"
   13 |        #error "no C++"
      |         ^~~~~
configure:5677: $? = 1
configure: failed program was:
| /* confdefs.h */
| #define PACKAGE_NAME "control_modules"
| #define PACKAGE_TARNAME "control_modules"
| #define PACKAGE_VERSION "1.0"
| #define PACKAGE_STRING "control_modules 1.0"
| #define PACKAGE_BUGREPORT "/dev/null"
| #define PACKAGE_URL ""
| #define PACKAGE "control_modules"
| #define VERSION "1.0"
| /* end confdefs.h.  */
| 
|       #ifndef __cplusplus
|        #error "no C++"
|        #endif
| int
| main (void)
| {
| 
|   ;
|   return 0;
| }
configure:5691: checking whether C compiler accepts -Werror=unknown-warning-option
configure:5711: gcc -c -g  -Werror=unknown-warning-option  conftest.c >&5
cc1: error: '-Werror=unknown-warning-option': no option '-Wunknown-warning-option'
configure:5711: $? = 1
configure: failed program was:
| /* confdefs.h */
| #define PACKAGE_NAME "control_modules"
| #define PACKAGE_TARNAME "control_modules"
| #define PACKAGE_VERSION "1.0"
| #define PACKAGE_STRING "control_modules 1.0"
| #define PACKAGE_BUGREPORT "/dev/null"
| #define PACKAGE_URL ""
| #define PACKAGE "control_modules"
| #define VERSION "1.0"
| /* end confdefs.h.  */
| 
| int
| main (void)
| {
| 
|   ;
|   return 0;
| }
configure:5722: result: no
configure:5738: checking whether C compiler accepts -Wno-suggest-attribute=format
configure:5758: gcc -c -g  -Wno-suggest-attribute=format  conftest.c >&5
configure:5758: $? = 0
configure:5769: result: yes
configure:5791: checking whether C compiler accepts -fno-strict-aliasing
configure:5811: gcc -c -g  -fno-strict-aliasing  conftest.c >&5
configure:5811: $? = 0
configure:5823: result: yes
configure:5852: : WARN_CFLAGS="$WARN_CFLAGS"
configure:5855: $? = 0
configure:5791: checking whether C compiler accepts -Wall
configure:5811: gcc -c -g  -Wall  conftest.c >&5
configure:5811: $? = 0
configure:5823: result: yes
configure:5841: : WARN_CFLAGS="$WARN_CFLAGS"
configure:5844: $? = 0
configure:5791: checking whether C compiler accepts -Wextra
configure:5811: gcc -c -g  -Wextra  conftest.c >&5
configure:5811: $? = 0
configure:5823: result: yes
configure:5841: : WARN_CFLAGS="$WARN_CFLAGS"
configure:5844: $? = 0
configure:5791: checking whether C compiler accepts -Werror
configure:5811: gcc -c -g  -Werror  conftest.c >&5
configure:5811: $? = 0
configure:5823: result: yes
configure:5841: : WARN_CFLAGS="$WARN_CFLAGS"
configure:5844: $? = 0
configure:5791: checking whether C compiler accepts -Wvla
configure:5811: gcc -c -g  -Wvla  conftest.c >&5
configure:5811: $? = 0
configure:5823: result: yes
configure:5841: : WARN_CFLAGS="$WARN_CFLAGS"
configure:5844: $? = 0
configure:5791: checking whether C compiler accepts -std=c99
configure:5811: gcc -c -g  -std=c99  conftest.c >&5
configure:5811: $? = 0
configure:5823: result: yes
configure:5841: : WARN_CFLAGS="$WARN_CFLAGS"
configure:5844: $? = 0
configure:5880: checking whether C compiler accepts -Wnested-externs
configure:5900: gcc -c -g  -Wnested-externs  conftest.c >&5
configure:5900: $? = 0
configure:5912: result: yes
configure:5930: : WARN_CFLAGS="$WARN_CFLAGS"
configure:5933: $? = 0
configure:5880: checking whether C compiler accepts -Wmissing-prototypes
configure:5900: gcc -c -g  -Wmissing-prototypes  conftest.c >&5
configure:5900: $? = 0
configure:5912: result: yes
configure:5930: : WARN_CFLAGS="$WARN_CFLAGS"
configure:5933: $? = 0
configure:5880: checking whether C compiler accepts -Wstrict-prototypes
configure:5900: gcc -c -g  -Wstrict-prototypes  conftest.c >&5
configure:5900: $? = 0
configure:5912: result: yes
configure:5930: : WARN_CFLAGS="$WARN_CFLAGS"
configure:5933: $? = 0
configure:5880: checking whether C compiler accepts -Wdeclaration-after-statement
configure:5900: gcc -c -g  -Wdeclaration-after-statement  conftest.c >&5
configure:5900: $? = 0
configure:5912: result: yes
configure:5930: : WARN_CFLAGS="$WARN_CFLAGS"
configure:5933: $? = 0
configure:5880: checking whether C compiler accepts -Wimplicit-function-declaration
configure:5900: gcc -c -g  -Wimplicit-function-declaration  conftest.c >&5
configure:5900: $? = 0
configure:5912: result: yes
configure:5930: : WARN_CFLAGS="$WARN_CFLAGS"
configure:5933: $? = 0
configure:5880: checking whether C compiler accepts -Wold-style-definition
configure:5900: gcc -c -g  -Wold-style-definition  conftest.c >&5
configure:5900: $? = 0
configure:5912: result: yes
configure:5930: : WARN_CFLAGS="$WARN_CFLAGS"
configure:5933: $? = 0
configure:5880: checking whether C compiler accepts -Wjump-misses-init
configure:5900: gcc -c -g  -Wjump-misses-init  conftest.c >&5
configure:5900: $? = 0
configure:5912: result: yes
configure:5930: : WARN_CFLAGS="$WARN_CFLAGS"
configure:5933: $? = 0
configure:5966: checking whether C compiler accepts -Wall
configure:5998: result: yes
configure:6008: : WARN_CFLAGS already contains $flag
configure:6011: $? = 0
configure:5966: checking whether C compiler accepts -Wextra
configure:5998: result: yes
configure:6008: : WARN_CFLAGS already contains $flag
configure:6011: $? = 0
configure:5966: checking whether C compiler accepts -Wundef
configure:5986: gcc -c -g  -Wundef  conftest.c >&5
configure:5986: $? = 0
configure:5998: result: yes
configure:6016: : WARN_CFLAGS="$WARN_CFLAGS"
configure:6019: $? = 0
configure:5966: checking whether C compiler accepts -Wwrite-strings
configure:5986: gcc -c -g  -Wwrite-strings  conftest.c >&5
configure:5986: $? = 0
configure:5998: result: yes
configure:6016: : WARN_CFLAGS="$WARN_CFLAGS"
configure:6019: $? = 0
configure:5966: checking whether C compiler accepts -Wpointer-arith
configure:5986: gcc -c -g  -Wpointer-arith  conftest.c >&5
configure:5986: $? = 0
configure:5998: result: yes
configure:6016: : WARN_CFLAGS="$WARN_CFLAGS"
configure:6019: $? = 0
configure:5966: checking whether C compiler accepts -Wmissing-declarations
configure:5986: gcc -c -g  -Wmissing-declarations  conftest.c >&5
configure:5986: $? = 0
configure:5998: result: yes
configure:6016: : WARN_CFLAGS="$WARN_CFLAGS"
configure:6019: $? = 0
configure:5966: checking whether C compiler accepts -Wredundant-decls
configure:5986: gcc -c -g  -Wredundant-decls  conftest.c >&5
configure:5986: $? = 0
configure:5998: result: yes
configure:6016: : WARN_CFLAGS="$WARN_CFLAGS"
configure:6019: $? = 0
configure:5966: checking whether C compiler accepts -Wno-unused-parameter
configure:5986: gcc -c -g  -Wno-unused-parameter  conftest.c >&5
configure:5986: $? = 0
configure:5998: result: yes
configure:6016: : WARN_CFLAGS="$WARN_CFLAGS"
configure:6019: $? = 0
configure:5966: checking whether C compiler accepts -Wno-missing-field-initializers
configure:5986: gcc -c -g  -Wno-missing-field-initializers  conftest.c >&5
configure:5986: $? = 0
configure:5998: result: yes
configure:6016: : WARN_CFLAGS="$WARN_CFLAGS"
configure:6019: $? = 0
configure:5966: checking whether C compiler accepts -Wformat=2
configure:5986: gcc -c -g  -Wformat=2  conftest.c >&5
configure:5986: $? = 0
configure:5998: result: yes
configure:6016: : WARN_CFLAGS="$WARN_CFLAGS"
configure:6019: $? = 0
configure:5966: checking whether C compiler accepts -Wcast-align
configure:5986: gcc -c -g  -Wcast-align  conftest.c >&5
configure:5986: $? = 0
configure:5998: result: yes
configure:6016: : WARN_CFLAGS="$WARN_CFLAGS"
configure:6019: $? = 0
configure:5966: checking whether C compiler accepts -Wformat-nonliteral
configure:5986: gcc -c -g  -Wformat-nonliteral  conftest.c >&5
cc1: warning: '-Wformat-nonliteral' ignored without '-Wformat' [-Wformat-nonliteral]
configure:5986: $? = 0
configure:5998: result: yes
configure:6016: : WARN_CFLAGS="$WARN_CFLAGS"
configure:6019: $? = 0
configure:5966: checking whether C compiler accepts -Wformat-security
configure:5986: gcc -c -g  -Wformat-security  conftest.c >&5
cc1: warning: '-Wformat-security' ignored without '-Wformat' [-Wformat-security]
configure:5986: $? = 0
configure:5998: result: yes
configure:6016: : WARN_CFLAGS="$WARN_CFLAGS"
configure:6019: $? = 0
configure:5966: checking whether C compiler accepts -Wsign-compare
configure:5986: gcc -c -g  -Wsign-compare  conftest.c >&5
configure:5986: $? = 0
configure:5998: result: yes
configure:6016: : WARN_CFLAGS="$WARN_CFLAGS"
configure:6019: $? = 0
configure:5966: checking whether C compiler accepts -Wstrict-aliasing
configure:5986: gcc -c -g  -Wstrict-aliasing  conftest.c >&5
configure:5986: $? = 0
configure:5998: result: yes
configure:6016: : WARN_CFLAGS="$WARN_CFLAGS"
configure:6019: $? = 0
configure:5966: checking whether C compiler accepts -Wshadow
configure:5986: gcc -c -g  -Wshadow  conftest.c >&5
configure:5986: $? = 0
configure:5998: result: yes
configure:6016: : WARN_CFLAGS="$WARN_CFLAGS"
configure:6019: $? = 0
configure:5966: checking whether C compiler accepts -Winline
configure:5986: gcc -c -g  -Winline  conftest.c >&5
configure:5986: $? = 0
configure:5998: result: yes
configure:6016: : WARN_CFLAGS="$WARN_CFLAGS"
configure:6019: $? = 0
configure:5966: checking whether C compiler accepts -Wpacked
configure:5986: gcc -c -g  -Wpacked  conftest.c >&5
configure:5986: $? = 0
configure:5998: result: yes
configure:6016: : WARN_CFLAGS="$WARN_CFLAGS"
configure:6019: $? = 0
configure:5966: checking whether C compiler accepts -Wmissing-format-attribute
configure:5986: gcc -c -g  -Wmissing-format-attribute  conftest.c >&5
configure:5986: $? = 0
configure:5998: result: yes
configure:6016: : WARN_CFLAGS="$WARN_CFLAGS"
configure:6019: $? = 0
configure:5966: checking whether C compiler accepts -Wmissing-noreturn
configure:5986: gcc -c -g  -Wmissing-noreturn  conftest.c >&5
configure:5986: $? = 0
configure:5998: result: yes
configure:6016: : WARN_CFLAGS="$WARN_CFLAGS"
configure:6019: $? = 0
configure:5966: checking whether C compiler accepts -Winit-self
configure:5986: gcc -c -g  -Winit-self  conftest.c >&5
configure:5986: $? = 0
configure:5998: result: yes
configure:6016: : WARN_CFLAGS="$WARN_CFLAGS"
configure:6019: $? = 0
configure:5966: checking whether C compiler accepts -Wredundant-decls
configure:5998: result: yes
configure:6008: : WARN_CFLAGS already contains $flag
configure:6011: $? = 0
configure:5966: checking whether C compiler accepts -Wmissing-include-dirs
configure:5986: gcc -c -g  -Wmissing-include-dirs  conftest.c >&5
configure:5986: $? = 0
configure:5998: result: yes
configure:6016: : WARN_CFLAGS="$WARN_CFLAGS"
configure:6019: $? = 0
configure:5966: checking whether C compiler accepts -Wunused-but-set-variable
configure:5986: gcc -c -g  -Wunused-but-set-variable  conftest.c >&5
configure:5986: $? = 0
configure:5998: result: yes
configure:6016: : WARN_CFLAGS="$WARN_CFLAGS"
configure:6019: $? = 0
configure:5966: checking whether C compiler accepts -Warray-bounds
configure:5986: gcc -c -g  -Warray-bounds  conftest.c >&5
configure:5986: $? = 0
configure:5998: result: yes
configure:6016: : WARN_CFLAGS="$WARN_CFLAGS"
configure:6019: $? = 0
configure:5966: checking whether C compiler accepts -Wreturn-type
configure:5986: gcc -c -g  -Wreturn-type  conftest.c >&5
configure:5986: $? = 0
configure:5998: result: yes
configure:6016: : WARN_CFLAGS="$WARN_CFLAGS"
configure:6019: $? = 0
configure:5966: checking whether C compiler accepts -Wswitch-enum
configure:5986: gcc -c -g  -Wswitch-enum  conftest.c >&5
configure:5986: $? = 0
configure:5998: result: yes
configure:6016: : WARN_CFLAGS="$WARN_CFLAGS"
configure:6019: $? = 0
configure:5966: checking whether C compiler accepts -Wswitch-default
configure:5986: gcc -c -g  -Wswitch-default  conftest.c >&5
configure:5986: $? = 0
configure:5998: result: yes
configure:6016: : WARN_CFLAGS="$WARN_CFLAGS"
configure:6019: $? = 0
configure:5966: checking whether C compiler accepts -Wduplicated-cond
configure:5986: gcc -c -g  -Wduplicated-cond  conftest.c >&5
configure:5986: $? = 0
configure:5998: result: yes
configure:6016: : WARN_CFLAGS="$WARN_CFLAGS"
configure:6019: $? = 0
configure:5966: checking whether C compiler accepts -Wduplicated-branches
configure:5986: gcc -c -g  -Wduplicated-branches  conftest.c >&5
configure:5986: $? = 0
configure:5998: result: yes
configure:6016: : WARN_CFLAGS="$WARN_CFLAGS"
configure:6019: $? = 0
configure:5966: checking whether C compiler accepts -Wlogical-op
configure:5986: gcc -c -g  -Wlogical-op  conftest.c >&5
configure:5986: $? = 0
configure:5998: result: yes
configure:6016: : WARN_CFLAGS="$WARN_CFLAGS"
configure:6019: $? = 0
configure:5966: checking whether C compiler accepts -Wrestrict
configure:5986: gcc -c -g  -Wrestrict  conftest.c >&5
configure:5986: $? = 0
configure:5998: result: yes
configure:6016: : WARN_CFLAGS="$WARN_CFLAGS"
configure:6019: $? = 0
configure:5966: checking whether C compiler accepts -Wnull-dereference
configure:5986: gcc -c -g  -Wnull-dereference  conftest.c >&5
configure:5986: $? = 0
configure:5998: result: yes
configure:6016: : WARN_CFLAGS="$WARN_CFLAGS"
configure:6019: $? = 0
configure:5966: checking whether C compiler accepts -Wdouble-promotion
configure:5986: gcc -c -g  -Wdouble-promotion  conftest.c >&5
configure:5986: $? = 0
configure:5998: result: yes
configure:6016: : WARN_CFLAGS="$WARN_CFLAGS"
configure:6019: $? = 0
configure:6059: : WARN_CFLAGS already contains -Werror
configure:6062: $? = 0
configure:6094: checking whether C compiler accepts -Wno-suggest-attribute=format
configure:6114: gcc -c -g  -Wno-suggest-attribute=format  conftest.c >&5
configure:6114: $? = 0
configure:6126: result: yes
configure:6144: : WARN_CFLAGS="$WARN_CFLAGS"
configure:6147: $? = 0
configure:6190: checking whether C compiler accepts -Wno-error=unused-parameter
configure:6210: gcc -c -g  -Wno-error=unused-parameter  conftest.c >&5
configure:6210: $? = 0
configure:6222: result: yes
configure:6240: : WARN_CFLAGS="$WARN_CFLAGS"
configure:6243: $? = 0
configure:6190: checking whether C compiler accepts -Wno-error=missing-field-initializers
configure:6210: gcc -c -g  -Wno-error=missing-field-initializers  conftest.c >&5
configure:6210: $? = 0
configure:6222: result: yes
configure:6240: : WARN_CFLAGS="$WARN_CFLAGS"
configure:6243: $? = 0
configure:6302: checking whether C compiler accepts -Werror=unknown-warning-option
configure:6333: result: no
configure:6348: checking whether the linker accepts -Wl,--as-needed
configure:6368: gcc -o conftest -g    -Wl,--as-needed conftest.c  >&5
configure:6368: $? = 0
configure:6380: result: yes
configure:6391: checking whether the linker accepts -Wl,--as-needed
configure:6411: gcc -o conftest -g    -Wl,--as-needed conftest.c  >&5
configure:6411: $? = 0
configure:6424: result: yes
configure:6453: : AM_LDFLAGS="$AM_LDFLAGS"
configure:6456: $? = 0
configure:6475: checking whether the linker accepts -Wl,-z,relro
configure:6495: gcc -o conftest -g    -Wl,-z,relro conftest.c  >&5
configure:6495: $? = 0
configure:6507: result: yes
configure:6518: checking whether the linker accepts -Wl,-z,relro
configure:6538: gcc -o conftest -g    -Wl,-z,relro conftest.c  >&5
configure:6538: $? = 0
configure:6551: result: yes
configure:6569: : AM_LDFLAGS="$AM_LDFLAGS"
configure:6572: $? = 0
configure:6602: checking whether the linker accepts -Wl,-z,now
configure:6622: gcc -o conftest -g    -Wl,-z,now conftest.c  >&5
configure:6622: $? = 0
configure:6634: result: yes
configure:6645: checking whether the linker accepts -Wl,-z,now
configure:6665: gcc -o conftest -g    -Wl,-z,now conftest.c  >&5
configure:6665: $? = 0
configure:6678: result: yes
configure:6696: : AM_LDFLAGS="$AM_LDFLAGS"
configure:6699: $? = 0
configure:6729: checking whether the linker accepts -Wl,-z,noexecstack
configure:6749: gcc -o conftest -g    -Wl,-z,noexecstack conftest.c  >&5
configure:6749: $? = 0
configure:6761: result: yes
configure:6772: checking whether the linker accepts -Wl,-z,noexecstack
configure:6792: gcc -o conftest -g    -Wl,-z,noexecstack conftest.c  >&5
configure:6792: $? = 0
configure:6805: result: yes
configure:6823: : AM_LDFLAGS="$AM_LDFLAGS"
configure:6826: $? = 0
configure:6859: checking whether the linker accepts -Wl,--no-as-needed
configure:6879: gcc -o conftest -g    -Wl,--no-as-needed conftest.c  >&5
configure:6879: $? = 0
configure:6891: result: yes
configure:6908: checking whether the linker accepts -Wl,--fatal-warnings
configure:6928: gcc -o conftest -g    -Wl,--fatal-warnings conftest.c  >&5
configure:6928: $? = 0
configure:6940: result: yes
configure:6952: checking whether the linker accepts -Wl,-fatal_warnings
configure:6972: gcc -o conftest -g    -Wl,-fatal_warnings conftest.c  >&5
/nix/store/adakqsdbifx7d688z4874ap17clarhfn-binutils-2.41/bin/ld: -f may not be used without -shared
collect2: error: ld returned 1 exit status
configure:6972: $? = 1
configure: failed program was:
| /* confdefs.h */
| #define PACKAGE_NAME "control_modules"
| #define PACKAGE_TARNAME "control_modules"
| #define PACKAGE_VERSION "1.0"
| #define PACKAGE_STRING "control_modules 1.0"
| #define PACKAGE_BUGREPORT "/dev/null"
| #define PACKAGE_URL ""
| #define PACKAGE "control_modules"
| #define VERSION "1.0"
| /* end confdefs.h.  */
| 
| int
| main (void)
| {
| 
|   ;
|   return 0;
| }
configure:6984: result: no
configure:7004: checking whether the linker accepts -Wl,--no-as-needed
configure:7024: gcc -o conftest -g    -Wl,--no-as-needed conftest.c  >&5
configure:7024: $? = 0
configure:7037: result: yes
configure:7066: : WARN_LDFLAGS="$WARN_LDFLAGS"
configure:7069: $? = 0
configure:7187: checking whether the linker accepts -Wl,--fatal-warnings
configure:7207: gcc -o conftest -g    -Wl,--fatal-warnings conftest.c  >&5
configure:7207: $? = 0
configure:7220: result: yes
configure:7238: : WARN_LDFLAGS="$WARN_LDFLAGS"
configure:7241: $? = 0
configure:7304: : WARN_SCANNERFLAGS="$WARN_SCANNERFLAGS"
configure:7307: $? = 0
configure:7332: : WARN_SCANNERFLAGS="$WARN_SCANNERFLAGS"
configure:7335: $? = 0
configure:7372: : WARN_SCANNERFLAGS="$WARN_SCANNERFLAGS"
configure:7375: $? = 0
configure:7538: checking that generated files are newer than configure
configure:7544: result: done
configure:7571: creating ./config.status

## ---------------------- ##
## Running config.status. ##
## ---------------------- ##

This file was extended by control_modules config.status 1.0, which was
generated by GNU Autoconf 2.72.  Invocation command line was

  CONFIG_FILES    = 
  CONFIG_HEADERS  = 
  CONFIG_LINKS    = 
  CONFIG_COMMANDS = 
  $ ./config.status 

on r07p03.cisco.kb.sm.cri.epita.fr

config.status:786: creating Makefile
config.status:786: creating cpu_controller/Makefile
config.status:786: creating memory_controller/Makefile
config.status:958: executing depfiles commands
config.status:1035: cd cpu_controller       && sed -e '/# am--include-marker/d' Makefile         | make -f - am--depfiles
make: Nothing to be done for 'am--depfiles'.
config.status:1040: $? = 0
config.status:1035: cd memory_controller       && sed -e '/# am--include-marker/d' Makefile         | make -f - am--depfiles
make: Nothing to be done for 'am--depfiles'.
config.status:1040: $? = 0

## ---------------- ##
## Cache variables. ##
## ---------------- ##

ac_cv_c_compiler_gnu=yes
ac_cv_env_CC_set=
ac_cv_env_CC_value=
ac_cv_env_CFLAGS_set=set
ac_cv_env_CFLAGS_value=-g
ac_cv_env_CPPFLAGS_set=
ac_cv_env_CPPFLAGS_value=
ac_cv_env_LDFLAGS_set=
ac_cv_env_LDFLAGS_value=
ac_cv_env_LIBS_set=
ac_cv_env_LIBS_value=
ac_cv_env_build_alias_set=
ac_cv_env_build_alias_value=
ac_cv_env_host_alias_set=
ac_cv_env_host_alias_value=
ac_cv_env_target_alias_set=
ac_cv_env_target_alias_value=
ac_cv_objext=o
ac_cv_path_SED=/run/current-system/sw/bin/sed
ac_cv_path_install='/run/current-system/sw/bin/install -c'
ac_cv_path_mkdir=/run/current-system/sw/bin/mkdir
ac_cv_prog_AWK=gawk
ac_cv_prog_ac_ct_AR=ar
ac_cv_prog_ac_ct_CC=gcc
ac_cv_prog_ac_ct_RANLIB=ranlib
ac_cv_prog_cc_c11=
ac_cv_prog_cc_g=yes
ac_cv_prog_cc_stdc=
ac_cv_prog_make_make_set=yes
am_cv_CC_dependencies_compiler_type=gcc3
am_cv_ar_interface=ar
am_cv_make_support_nested_variables=yes
am_cv_prog_cc_c_o=yes
ax_cv_check_cflags__Wall=yes
ax_cv_check_cflags__Warray_bounds=yes
ax_cv_check_cflags__Wcast_align=yes
ax_cv_check_cflags__Wdeclaration_after_statement=yes
ax_cv_check_cflags__Wdouble_promotion=yes
ax_cv_check_cflags__Wduplicated_branches=yes
ax_cv_check_cflags__Wduplicated_cond=yes
ax_cv_check_cflags__Werror=yes
ax_cv_check_cflags__Wextra=yes
ax_cv_check_cflags__Wformat_2=yes
ax_cv_check_cflags__Wformat_nonliteral=yes
ax_cv_check_cflags__Wformat_security=yes
ax_cv_check_cflags__Wimplicit_function_declaration=yes
ax_cv_check_cflags__Winit_self=yes
ax_cv_check_cflags__Winline=yes
ax_cv_check_cflags__Wjump_misses_init=yes
ax_cv_check_cflags__Wlogical_op=yes
ax_cv_check_cflags__Wmissing_declarations=yes
ax_cv_check_cflags__Wmissing_format_attribute=yes
ax_cv_check_cflags__Wmissing_include_dirs=yes
ax_cv_check_cflags__Wmissing_noreturn=yes
ax_cv_check_cflags__Wmissing_prototypes=yes
ax_cv_check_cflags__Wnested_externs=yes
ax_cv_check_cflags__Wno_error_missing_field_initializers=yes
ax_cv_check_cflags__Wno_error_unused_parameter=yes
ax_cv_check_cflags__Wno_missing_field_initializers=yes
ax_cv_check_cflags__Wno_suggest_attribute_format=yes
ax_cv_check_cflags__Wno_unused_parameter=yes
ax_cv_check_cflags__Wnull_dereference=yes
ax_cv_check_cflags__Wold_style_definition=yes
ax_cv_check_cflags__Wpacked=yes
ax_cv_check_cflags__Wpointer_arith=yes
ax_cv_check_cflags__Wredundant_decls=yes
ax_cv_check_cflags__Wrestrict=yes
ax_cv_check_cflags__Wreturn_type=yes
ax_cv_check_cflags__Wshadow=yes
ax_cv_check_cflags__Wsign_compare=yes
ax_cv_check_cflags__Wstrict_aliasing=yes
ax_cv_check_cflags__Wstrict_prototypes=yes
ax_cv_check_cflags__Wswitch_default=yes
ax_cv_check_cflags__Wswitch_enum=yes
ax_cv_check_cflags__Wundef=yes
ax_cv_check_cflags__Wunused_but_set_variable=yes
ax_cv_check_cflags__Wvla=yes
ax_cv_check_cflags__Wwrite_strings=yes
ax_cv_check_cflags___Werror_unknown_warning_option=no
ax_cv_check_cflags___Wno_suggest_attribute_format=yes
ax_cv_check_cflags__fno_strict_aliasing=yes
ax_cv_check_cflags__std_c99=yes
ax_cv_check_ldflags__Wl___as_needed=yes
ax_cv_check_ldflags__Wl___fatal_warnings=yes
ax_cv_check_ldflags__Wl___no_as_needed=yes
ax_cv_check_ldflags__Wl__z_noexecstack=yes
ax_cv_check_ldflags__Wl__z_now=yes
ax_cv_check_ldflags__Wl__z_relro=yes
ax_cv_check_ldflags___Wl___as_needed=yes
ax_cv_check_ldflags___Wl___fatal_warnings=yes
ax_cv_check_ldflags___Wl___no_as_needed=yes
ax_cv_check_ldflags___Wl__fatal_warnings=no
ax_cv_check_ldflags___Wl__z_noexecstack=yes
ax_cv_check_ldflags___Wl__z_now=yes
ax_cv_check_ldflags___Wl__z_relro=yes

## ----------------- ##
## Output variables. ##
## ----------------- ##

ACLOCAL='${SHELL} '\''/home/abel.chartier/afs/nix-config/packages/control_modules/missing'\'' aclocal-1.16'
AMDEPBACKSLASH='\'
AMDEP_FALSE='#'
AMDEP_TRUE=''
AMTAR='$${TAR-tar}'
AM_BACKSLASH='\'
AM_DEFAULT_V='$(AM_DEFAULT_VERBOSITY)'
AM_DEFAULT_VERBOSITY='0'
AM_V='$(V)'
AR='ar'
AUTOCONF='${SHELL} '\''/home/abel.chartier/afs/nix-config/packages/control_modules/missing'\'' autoconf'
AUTOHEADER='${SHELL} '\''/home/abel.chartier/afs/nix-config/packages/control_modules/missing'\'' autoheader'
AUTOMAKE='${SHELL} '\''/home/abel.chartier/afs/nix-config/packages/control_modules/missing'\'' automake-1.16'
AWK='gawk'
CC='gcc'
CCDEPMODE='depmode=gcc3'
CFLAGS='-g'
CPPFLAGS=''
CSCOPE='cscope'
CTAGS='ctags'
CYGPATH_W='echo'
DEFS='-DPACKAGE_NAME=\"control_modules\" -DPACKAGE_TARNAME=\"control_modules\" -DPACKAGE_VERSION=\"1.0\" -DPACKAGE_STRING=\"control_modules\ 1.0\" -DPACKAGE_BUGREPORT=\"/dev/null\" -DPACKAGE_URL=\"\" -DPACKAGE=\"control_modules\" -DVERSION=\"1.0\"'
DEPDIR='.deps'
ECHO_C=''
ECHO_N='-n'
ECHO_T=''
ETAGS='etags'
EXEEXT=''
INSTALL_DATA='${INSTALL} -m 644'
INSTALL_PROGRAM='${INSTALL}'
INSTALL_SCRIPT='${INSTALL}'
INSTALL_STRIP_PROGRAM='$(install_sh) -c -s'
LDFLAGS=''
LIBOBJS=''
LIBS=''
LTLIBOBJS=''
MAKEINFO='${SHELL} '\''/home/abel.chartier/afs/nix-config/packages/control_modules/missing'\'' makeinfo'
MKDIR_P='/run/current-system/sw/bin/mkdir -p'
OBJEXT='o'
PACKAGE='control_modules'
PACKAGE_BUGREPORT='/dev/null'
PACKAGE_NAME='control_modules'
PACKAGE_STRING='control_modules 1.0'
PACKAGE_TARNAME='control_modules'
PACKAGE_URL=''
PACKAGE_VERSION='1.0'
PATH_SEPARATOR=':'
RANLIB='ranlib'
SED='/run/current-system/sw/bin/sed'
SET_MAKE=''
SHELL='/bin/sh'
STRIP=''
VERSION='1.0'
WARN_CFLAGS='-fno-strict-aliasing -Wall -Wextra -Werror -Wvla -std=c99 -Wnested-externs -Wmissing-prototypes -Wstrict-prototypes -Wdeclaration-after-statement -Wimplicit-function-declaration -Wold-style-definition -Wjump-misses-init -Wundef -Wwrite-strings -Wpointer-arith -Wmissing-declarations -Wredundant-decls -Wno-unused-parameter -Wno-missing-field-initializers -Wformat=2 -Wcast-align -Wformat-nonliteral -Wformat-security -Wsign-compare -Wstrict-aliasing -Wshadow -Winline -Wpacked -Wmissing-format-attribute -Wmissing-noreturn -Winit-self -Wmissing-include-dirs -Wunused-but-set-variable -Warray-bounds -Wreturn-type -Wswitch-enum -Wswitch-default -Wduplicated-cond -Wduplicated-branches -Wlogical-op -Wrestrict -Wnull-dereference -Wdouble-promotion -Wno-suggest-attribute=format -Wno-error=unused-parameter -Wno-error=missing-field-initializers'
WARN_LDFLAGS='-Wl,--no-as-needed -Wl,--fatal-warnings'
WARN_SCANNERFLAGS='              --warn-all                                                                           --warn-error         '
ac_ct_AR='ar'
ac_ct_CC='gcc'
am__EXEEXT_FALSE=''
am__EXEEXT_TRUE='#'
am__fastdepCC_FALSE='#'
am__fastdepCC_TRUE=''
am__include='include'
am__isrc=''
am__leading_dot='.'
am__nodep='_no'
am__quote=''
am__tar='$${TAR-tar} chof - "$$tardir"'
am__untar='$${TAR-tar} xf -'
bindir='${exec_prefix}/bin'
build_alias=''
datadir='${datarootdir}'
datarootdir='${prefix}/share'
docdir='${datarootdir}/doc/${PACKAGE_TARNAME}'
dvidir='${docdir}'
exec_prefix='${prefix}'
host_alias=''
htmldir='${docdir}'
includedir='${prefix}/include'
infodir='${datarootdir}/info'
install_sh='${SHELL} /home/abel.chartier/afs/nix-config/packages/control_modules/install-sh'
libdir='${exec_prefix}/lib'
libexecdir='${exec_prefix}/libexec'
localedir='${datarootdir}/locale'
localstatedir='${prefix}/var'
mandir='${datarootdir}/man'
mkdir_p='$(MKDIR_P)'
oldincludedir='/usr/include'
pdfdir='${docdir}'
prefix='/usr/local'
program_transform_name='s,x,x,'
psdir='${docdir}'
runstatedir='${localstatedir}/run'
sbindir='${exec_prefix}/sbin'
sharedstatedir='${prefix}/com'
sysconfdir='${prefix}/etc'
target_alias=''

## ----------- ##
## confdefs.h. ##
## ----------- ##

/* confdefs.h */
#define PACKAGE_NAME "control_modules"
#define PACKAGE_TARNAME "control_modules"
#define PACKAGE_VERSION "1.0"
#define PACKAGE_STRING "control_modules 1.0"
#define PACKAGE_BUGREPORT "/dev/null"
#define PACKAGE_URL ""
#define PACKAGE "control_modules"
#define VERSION "1.0"

configure: exit 0
